ARM GAS  C:\Users\CHANTI~1\AppData\Local\Temp\ccPI8jmM.s 			page 1


   1              		.syntax unified
   2              		.cpu cortex-m3
   3              		.fpu softvfp
   4              		.eabi_attribute 20, 1
   5              		.eabi_attribute 21, 1
   6              		.eabi_attribute 23, 3
   7              		.eabi_attribute 24, 1
   8              		.eabi_attribute 25, 1
   9              		.eabi_attribute 26, 1
  10              		.eabi_attribute 30, 1
  11              		.eabi_attribute 34, 1
  12              		.eabi_attribute 18, 4
  13              		.thumb
  14              		.syntax unified
  15              		.file	"cymetadata.c"
  16              		.text
  17              	.Ltext0:
  18              		.cfi_sections	.debug_frame
  19              		.global	cy_metadata
  20              		.global	cy_meta_flashprotect
  21              		.global	cy_meta_wonvl
  22              		.global	cy_meta_custnvl
  23              		.global	cy_meta_configecc
  24              		.section	.cyconfigecc,"a",%progbits
  25              		.align	2
  26              		.type	cy_meta_configecc, %object
  27              		.size	cy_meta_configecc, 448
  28              	cy_meta_configecc:
  29 0000 01       		.byte	1
  30 0001 45       		.byte	69
  31 0002 00       		.byte	0
  32 0003 40       		.byte	64
  33 0004 01       		.byte	1
  34 0005 52       		.byte	82
  35 0006 00       		.byte	0
  36 0007 40       		.byte	64
  37 0008 05       		.byte	5
  38 0009 03       		.byte	3
  39 000a 01       		.byte	1
  40 000b 40       		.byte	64
  41 000c 12       		.byte	18
  42 000d 04       		.byte	4
  43 000e 01       		.byte	1
  44 000f 40       		.byte	64
  45 0010 1E       		.byte	30
  46 0011 05       		.byte	5
  47 0012 01       		.byte	1
  48 0013 40       		.byte	64
  49 0014 0E       		.byte	14
  50 0015 06       		.byte	6
  51 0016 01       		.byte	1
  52 0017 40       		.byte	64
  53 0018 16       		.byte	22
  54 0019 07       		.byte	7
  55 001a 01       		.byte	1
  56 001b 40       		.byte	64
  57 001c 01       		.byte	1
ARM GAS  C:\Users\CHANTI~1\AppData\Local\Temp\ccPI8jmM.s 			page 2


  58 001d 0D       		.byte	13
  59 001e 01       		.byte	1
  60 001f 40       		.byte	64
  61 0020 04       		.byte	4
  62 0021 15       		.byte	21
  63 0022 01       		.byte	1
  64 0023 40       		.byte	64
  65 0024 04       		.byte	4
  66 0025 17       		.byte	23
  67 0026 01       		.byte	1
  68 0027 40       		.byte	64
  69 0028 01       		.byte	1
  70 0029 19       		.byte	25
  71 002a 01       		.byte	1
  72 002b 40       		.byte	64
  73 002c 03       		.byte	3
  74 002d 40       		.byte	64
  75 002e 01       		.byte	1
  76 002f 40       		.byte	64
  77 0030 12       		.byte	18
  78 0031 41       		.byte	65
  79 0032 01       		.byte	1
  80 0033 40       		.byte	64
  81 0034 09       		.byte	9
  82 0035 42       		.byte	66
  83 0036 01       		.byte	1
  84 0037 40       		.byte	64
  85 0038 01       		.byte	1
  86 0039 43       		.byte	67
  87 003a 01       		.byte	1
  88 003b 40       		.byte	64
  89 003c 01       		.byte	1
  90 003d 45       		.byte	69
  91 003e 01       		.byte	1
  92 003f 40       		.byte	64
  93 0040 01       		.byte	1
  94 0041 46       		.byte	70
  95 0042 01       		.byte	1
  96 0043 40       		.byte	64
  97 0044 04       		.byte	4
  98 0045 47       		.byte	71
  99 0046 01       		.byte	1
 100 0047 40       		.byte	64
 101 0048 04       		.byte	4
 102 0049 48       		.byte	72
 103 004a 01       		.byte	1
 104 004b 40       		.byte	64
 105 004c 09       		.byte	9
 106 004d 49       		.byte	73
 107 004e 01       		.byte	1
 108 004f 40       		.byte	64
 109 0050 01       		.byte	1
 110 0051 4C       		.byte	76
 111 0052 01       		.byte	1
 112 0053 40       		.byte	64
 113 0054 02       		.byte	2
 114 0055 50       		.byte	80
ARM GAS  C:\Users\CHANTI~1\AppData\Local\Temp\ccPI8jmM.s 			page 3


 115 0056 01       		.byte	1
 116 0057 40       		.byte	64
 117 0058 01       		.byte	1
 118 0059 51       		.byte	81
 119 005a 01       		.byte	1
 120 005b 40       		.byte	64
 121 005c 7E       		.byte	126
 122 005d 02       		.byte	2
 123 005e 7C       		.byte	124
 124 005f 40       		.byte	64
 125 0060 82       		.byte	-126
 126 0061 40       		.byte	64
 127 0062 83       		.byte	-125
 128 0063 01       		.byte	1
 129 0064 89       		.byte	-119
 130 0065 02       		.byte	2
 131 0066 E0       		.byte	-32
 132 0067 80       		.byte	-128
 133 0068 E6       		.byte	-26
 134 0069 02       		.byte	2
 135 006a 12       		.byte	18
 136 006b 01       		.byte	1
 137 006c 34       		.byte	52
 138 006d 01       		.byte	1
 139 006e 58       		.byte	88
 140 006f 04       		.byte	4
 141 0070 5F       		.byte	95
 142 0071 01       		.byte	1
 143 0072 82       		.byte	-126
 144 0073 04       		.byte	4
 145 0074 86       		.byte	-122
 146 0075 02       		.byte	2
 147 0076 8F       		.byte	-113
 148 0077 01       		.byte	1
 149 0078 92       		.byte	-110
 150 0079 08       		.byte	8
 151 007a 9E       		.byte	-98
 152 007b 01       		.byte	1
 153 007c B0       		.byte	-80
 154 007d 08       		.byte	8
 155 007e B2       		.byte	-78
 156 007f 02       		.byte	2
 157 0080 B4       		.byte	-76
 158 0081 04       		.byte	4
 159 0082 B6       		.byte	-74
 160 0083 01       		.byte	1
 161 0084 B7       		.byte	-73
 162 0085 01       		.byte	1
 163 0086 D8       		.byte	-40
 164 0087 04       		.byte	4
 165 0088 D9       		.byte	-39
 166 0089 04       		.byte	4
 167 008a DB       		.byte	-37
 168 008b 04       		.byte	4
 169 008c DF       		.byte	-33
 170 008d 01       		.byte	1
 171 008e 05       		.byte	5
ARM GAS  C:\Users\CHANTI~1\AppData\Local\Temp\ccPI8jmM.s 			page 4


 172 008f 02       		.byte	2
 173 0090 06       		.byte	6
 174 0091 20       		.byte	32
 175 0092 0A       		.byte	10
 176 0093 80       		.byte	-128
 177 0094 0D       		.byte	13
 178 0095 02       		.byte	2
 179 0096 0F       		.byte	15
 180 0097 01       		.byte	1
 181 0098 19       		.byte	25
 182 0099 20       		.byte	32
 183 009a 1D       		.byte	29
 184 009b 80       		.byte	-128
 185 009c 1F       		.byte	31
 186 009d 15       		.byte	21
 187 009e 27       		.byte	39
 188 009f 02       		.byte	2
 189 00a0 3F       		.byte	63
 190 00a1 40       		.byte	64
 191 00a2 5D       		.byte	93
 192 00a3 A4       		.byte	-92
 193 00a4 5F       		.byte	95
 194 00a5 02       		.byte	2
 195 00a6 67       		.byte	103
 196 00a7 AA       		.byte	-86
 197 00a8 80       		.byte	-128
 198 00a9 08       		.byte	8
 199 00aa 8A       		.byte	-118
 200 00ab 01       		.byte	1
 201 00ac 92       		.byte	-110
 202 00ad 80       		.byte	-128
 203 00ae 93       		.byte	-109
 204 00af 41       		.byte	65
 205 00b0 99       		.byte	-103
 206 00b1 02       		.byte	2
 207 00b2 9A       		.byte	-102
 208 00b3 20       		.byte	32
 209 00b4 A1       		.byte	-95
 210 00b5 02       		.byte	2
 211 00b6 AF       		.byte	-81
 212 00b7 40       		.byte	64
 213 00b8 B5       		.byte	-75
 214 00b9 02       		.byte	2
 215 00ba B6       		.byte	-74
 216 00bb 20       		.byte	32
 217 00bc C0       		.byte	-64
 218 00bd 30       		.byte	48
 219 00be C2       		.byte	-62
 220 00bf 98       		.byte	-104
 221 00c0 CE       		.byte	-50
 222 00c1 10       		.byte	16
 223 00c2 D6       		.byte	-42
 224 00c3 F0       		.byte	-16
 225 00c4 D8       		.byte	-40
 226 00c5 F0       		.byte	-16
 227 00c6 E4       		.byte	-28
 228 00c7 80       		.byte	-128
ARM GAS  C:\Users\CHANTI~1\AppData\Local\Temp\ccPI8jmM.s 			page 5


 229 00c8 EC       		.byte	-20
 230 00c9 50       		.byte	80
 231 00ca 1E       		.byte	30
 232 00cb 01       		.byte	1
 233 00cc 22       		.byte	34
 234 00cd 08       		.byte	8
 235 00ce 26       		.byte	38
 236 00cf 02       		.byte	2
 237 00d0 27       		.byte	39
 238 00d1 01       		.byte	1
 239 00d2 2A       		.byte	42
 240 00d3 04       		.byte	4
 241 00d4 30       		.byte	48
 242 00d5 02       		.byte	2
 243 00d6 32       		.byte	50
 244 00d7 01       		.byte	1
 245 00d8 33       		.byte	51
 246 00d9 01       		.byte	1
 247 00da 34       		.byte	52
 248 00db 08       		.byte	8
 249 00dc 36       		.byte	54
 250 00dd 04       		.byte	4
 251 00de 58       		.byte	88
 252 00df 04       		.byte	4
 253 00e0 59       		.byte	89
 254 00e1 04       		.byte	4
 255 00e2 5B       		.byte	91
 256 00e3 04       		.byte	4
 257 00e4 5F       		.byte	95
 258 00e5 01       		.byte	1
 259 00e6 0E       		.byte	14
 260 00e7 01       		.byte	1
 261 00e8 14       		.byte	20
 262 00e9 18       		.byte	24
 263 00ea 15       		.byte	21
 264 00eb 01       		.byte	1
 265 00ec 1C       		.byte	28
 266 00ed 60       		.byte	96
 267 00ee 1E       		.byte	30
 268 00ef 08       		.byte	8
 269 00f0 1F       		.byte	31
 270 00f1 40       		.byte	64
 271 00f2 27       		.byte	39
 272 00f3 20       		.byte	32
 273 00f4 2F       		.byte	47
 274 00f5 10       		.byte	16
 275 00f6 5C       		.byte	92
 276 00f7 40       		.byte	64
 277 00f8 5E       		.byte	94
 278 00f9 08       		.byte	8
 279 00fa 5F       		.byte	95
 280 00fb 20       		.byte	32
 281 00fc 92       		.byte	-110
 282 00fd 01       		.byte	1
 283 00fe 97       		.byte	-105
 284 00ff 80       		.byte	-128
 285 0100 98       		.byte	-104
ARM GAS  C:\Users\CHANTI~1\AppData\Local\Temp\ccPI8jmM.s 			page 6


 286 0101 08       		.byte	8
 287 0102 A4       		.byte	-92
 288 0103 10       		.byte	16
 289 0104 AC       		.byte	-84
 290 0105 10       		.byte	16
 291 0106 AD       		.byte	-83
 292 0107 80       		.byte	-128
 293 0108 B1       		.byte	-79
 294 0109 84       		.byte	-124
 295 010a C2       		.byte	-62
 296 010b 80       		.byte	-128
 297 010c C4       		.byte	-60
 298 010d 70       		.byte	112
 299 010e CA       		.byte	-54
 300 010f 40       		.byte	64
 301 0110 D6       		.byte	-42
 302 0111 70       		.byte	112
 303 0112 E6       		.byte	-26
 304 0113 02       		.byte	2
 305 0114 87       		.byte	-121
 306 0115 10       		.byte	16
 307 0116 97       		.byte	-105
 308 0117 20       		.byte	32
 309 0118 B0       		.byte	-80
 310 0119 10       		.byte	16
 311 011a E8       		.byte	-24
 312 011b 20       		.byte	32
 313 011c 97       		.byte	-105
 314 011d 20       		.byte	32
 315 011e 9C       		.byte	-100
 316 011f 10       		.byte	16
 317 0120 AD       		.byte	-83
 318 0121 01       		.byte	1
 319 0122 EE       		.byte	-18
 320 0123 02       		.byte	2
 321 0124 EE       		.byte	-18
 322 0125 02       		.byte	2
 323 0126 30       		.byte	48
 324 0127 10       		.byte	16
 325 0128 36       		.byte	54
 326 0129 40       		.byte	64
 327 012a CC       		.byte	-52
 328 012b 30       		.byte	48
 329 012c 01       		.byte	1
 330 012d 01       		.byte	1
 331 012e 02       		.byte	2
 332 012f 02       		.byte	2
 333 0130 07       		.byte	7
 334 0131 42       		.byte	66
 335 0132 0A       		.byte	10
 336 0133 10       		.byte	16
 337 0134 0B       		.byte	11
 338 0135 08       		.byte	8
 339 0136 0E       		.byte	14
 340 0137 40       		.byte	64
 341 0138 0F       		.byte	15
 342 0139 08       		.byte	8
ARM GAS  C:\Users\CHANTI~1\AppData\Local\Temp\ccPI8jmM.s 			page 7


 343 013a 82       		.byte	-126
 344 013b 02       		.byte	2
 345 013c 83       		.byte	-125
 346 013d 40       		.byte	64
 347 013e 84       		.byte	-124
 348 013f 10       		.byte	16
 349 0140 8B       		.byte	-117
 350 0141 04       		.byte	4
 351 0142 9C       		.byte	-100
 352 0143 10       		.byte	16
 353 0144 A6       		.byte	-90
 354 0145 40       		.byte	64
 355 0146 C0       		.byte	-64
 356 0147 F0       		.byte	-16
 357 0148 C2       		.byte	-62
 358 0149 F0       		.byte	-16
 359 014a E0       		.byte	-32
 360 014b 80       		.byte	-128
 361 014c E4       		.byte	-28
 362 014d 80       		.byte	-128
 363 014e E6       		.byte	-26
 364 014f 40       		.byte	64
 365 0150 83       		.byte	-125
 366 0151 04       		.byte	4
 367 0152 89       		.byte	-119
 368 0153 01       		.byte	1
 369 0154 91       		.byte	-111
 370 0155 01       		.byte	1
 371 0156 A3       		.byte	-93
 372 0157 04       		.byte	4
 373 0158 A6       		.byte	-90
 374 0159 40       		.byte	64
 375 015a AF       		.byte	-81
 376 015b 02       		.byte	2
 377 015c B6       		.byte	-74
 378 015d 50       		.byte	80
 379 015e E4       		.byte	-28
 380 015f 20       		.byte	32
 381 0160 EC       		.byte	-20
 382 0161 40       		.byte	64
 383 0162 A6       		.byte	-90
 384 0163 40       		.byte	64
 385 0164 87       		.byte	-121
 386 0165 10       		.byte	16
 387 0166 97       		.byte	-105
 388 0167 20       		.byte	32
 389 0168 0B       		.byte	11
 390 0169 20       		.byte	32
 391 016a 0F       		.byte	15
 392 016b 40       		.byte	64
 393 016c 97       		.byte	-105
 394 016d 20       		.byte	32
 395 016e C2       		.byte	-62
 396 016f 0C       		.byte	12
 397 0170 96       		.byte	-106
 398 0171 01       		.byte	1
 399 0172 AE       		.byte	-82
ARM GAS  C:\Users\CHANTI~1\AppData\Local\Temp\ccPI8jmM.s 			page 8


 400 0173 41       		.byte	65
 401 0174 E8       		.byte	-24
 402 0175 10       		.byte	16
 403 0176 EE       		.byte	-18
 404 0177 40       		.byte	64
 405 0178 0A       		.byte	10
 406 0179 01       		.byte	1
 407 017a 0B       		.byte	11
 408 017b 20       		.byte	32
 409 017c 0F       		.byte	15
 410 017d 40       		.byte	64
 411 017e 87       		.byte	-121
 412 017f 40       		.byte	64
 413 0180 96       		.byte	-106
 414 0181 01       		.byte	1
 415 0182 97       		.byte	-105
 416 0183 20       		.byte	32
 417 0184 B3       		.byte	-77
 418 0185 10       		.byte	16
 419 0186 C2       		.byte	-62
 420 0187 70       		.byte	112
 421 0188 E4       		.byte	-28
 422 0189 40       		.byte	64
 423 018a AF       		.byte	-81
 424 018b 40       		.byte	64
 425 018c 00       		.byte	0
 426 018d 01       		.byte	1
 427 018e 0A       		.byte	10
 428 018f 01       		.byte	1
 429 0190 00       		.byte	0
 430 0191 0A       		.byte	10
 431 0192 00       		.byte	0
 432 0193 00       		.byte	0
 433 0194 FF       		.byte	-1
 434 0195 FF       		.byte	-1
 435 0196 00       		.byte	0
 436 0197 00       		.byte	0
 437 0198 00       		.byte	0
 438 0199 00       		.byte	0
 439 019a 00       		.byte	0
 440 019b 00       		.byte	0
 441 019c 40       		.byte	64
 442 019d 00       		.byte	0
 443 019e 00       		.byte	0
 444 019f 00       		.byte	0
 445 01a0 00       		.byte	0
 446 01a1 00       		.byte	0
 447 01a2 00       		.byte	0
 448 01a3 00       		.byte	0
 449 01a4 C0       		.byte	-64
 450 01a5 00       		.byte	0
 451 01a6 00       		.byte	0
 452 01a7 00       		.byte	0
 453 01a8 00       		.byte	0
 454 01a9 0B       		.byte	11
 455 01aa 0B       		.byte	11
 456 01ab 00       		.byte	0
ARM GAS  C:\Users\CHANTI~1\AppData\Local\Temp\ccPI8jmM.s 			page 9


 457 01ac 00       		.byte	0
 458 01ad 00       		.byte	0
 459 01ae 00       		.byte	0
 460 01af 00       		.byte	0
 461 01b0 00       		.byte	0
 462 01b1 02       		.byte	2
 463 01b2 02       		.byte	2
 464 01b3 00       		.byte	0
 465 01b4 00       		.byte	0
 466 01b5 00       		.byte	0
 467 01b6 00       		.byte	0
 468 01b7 00       		.byte	0
 469 01b8 70       		.byte	112
 470 01b9 70       		.byte	112
 471 01ba 00       		.byte	0
 472 01bb 00       		.byte	0
 473 01bc 00       		.byte	0
 474 01bd 00       		.byte	0
 475 01be 00       		.byte	0
 476 01bf 00       		.byte	0
 477              		.section	.cywolatch,"a",%progbits
 478              		.align	2
 479              		.type	cy_meta_wonvl, %object
 480              		.size	cy_meta_wonvl, 4
 481              	cy_meta_wonvl:
 482 0000 BC       		.byte	-68
 483 0001 90       		.byte	-112
 484 0002 AC       		.byte	-84
 485 0003 AF       		.byte	-81
 486              		.section	.cycustnvl,"a",%progbits
 487              		.align	2
 488              		.type	cy_meta_custnvl, %object
 489              		.size	cy_meta_custnvl, 4
 490              	cy_meta_custnvl:
 491 0000 00       		.byte	0
 492 0001 00       		.byte	0
 493 0002 40       		.byte	64
 494 0003 05       		.byte	5
 495              		.section	.cymeta,"a",%progbits
 496              		.align	2
 497              		.type	cy_metadata, %object
 498              		.size	cy_metadata, 12
 499              	cy_metadata:
 500 0000 00       		.byte	0
 501 0001 01       		.byte	1
 502 0002 2E       		.byte	46
 503 0003 16       		.byte	22
 504 0004 10       		.byte	16
 505 0005 69       		.byte	105
 506 0006 00       		.byte	0
 507 0007 01       		.byte	1
 508 0008 00       		.byte	0
 509 0009 00       		.byte	0
 510 000a 00       		.byte	0
 511 000b 00       		.byte	0
 512              		.section	.cyflashprotect,"a",%progbits
 513              		.align	2
ARM GAS  C:\Users\CHANTI~1\AppData\Local\Temp\ccPI8jmM.s 			page 10


 514              		.type	cy_meta_flashprotect, %object
 515              		.size	cy_meta_flashprotect, 256
 516              	cy_meta_flashprotect:
 517 0000 00000000 		.space	256
 517      00000000 
 517      00000000 
 517      00000000 
 517      00000000 
 518              		.text
 519              	.Letext0:
 520              		.file 1 "c:\\program files (x86)\\cypress\\psoc creator\\4.2\\psoc creator\\import\\gnu\\arm\\5.4.
 521              		.file 2 "c:\\program files (x86)\\cypress\\psoc creator\\4.2\\psoc creator\\import\\gnu\\arm\\5.4.
 522              		.file 3 "Generated_Source\\PSoC5\\cymetadata.c"
 523              		.section	.debug_info,"",%progbits
 524              	.Ldebug_info0:
 525 0000 31010000 		.4byte	0x131
 526 0004 0400     		.2byte	0x4
 527 0006 00000000 		.4byte	.Ldebug_abbrev0
 528 000a 04       		.byte	0x4
 529 000b 01       		.uleb128 0x1
 530 000c 24000000 		.4byte	.LASF17
 531 0010 0C       		.byte	0xc
 532 0011 E1010000 		.4byte	.LASF18
 533 0015 69010000 		.4byte	.LASF19
 534 0019 00000000 		.4byte	.Ldebug_line0
 535 001d 02       		.uleb128 0x2
 536 001e 01       		.byte	0x1
 537 001f 06       		.byte	0x6
 538 0020 D5010000 		.4byte	.LASF0
 539 0024 03       		.uleb128 0x3
 540 0025 00000000 		.4byte	.LASF9
 541 0029 01       		.byte	0x1
 542 002a 1D       		.byte	0x1d
 543 002b 2F000000 		.4byte	0x2f
 544 002f 02       		.uleb128 0x2
 545 0030 01       		.byte	0x1
 546 0031 08       		.byte	0x8
 547 0032 16000000 		.4byte	.LASF1
 548 0036 02       		.uleb128 0x2
 549 0037 02       		.byte	0x2
 550 0038 05       		.byte	0x5
 551 0039 5F010000 		.4byte	.LASF2
 552 003d 02       		.uleb128 0x2
 553 003e 02       		.byte	0x2
 554 003f 07       		.byte	0x7
 555 0040 C4000000 		.4byte	.LASF3
 556 0044 02       		.uleb128 0x2
 557 0045 04       		.byte	0x4
 558 0046 05       		.byte	0x5
 559 0047 CC010000 		.4byte	.LASF4
 560 004b 02       		.uleb128 0x2
 561 004c 04       		.byte	0x4
 562 004d 07       		.byte	0x7
 563 004e B2000000 		.4byte	.LASF5
 564 0052 02       		.uleb128 0x2
 565 0053 08       		.byte	0x8
 566 0054 05       		.byte	0x5
ARM GAS  C:\Users\CHANTI~1\AppData\Local\Temp\ccPI8jmM.s 			page 11


 567 0055 51010000 		.4byte	.LASF6
 568 0059 02       		.uleb128 0x2
 569 005a 08       		.byte	0x8
 570 005b 07       		.byte	0x7
 571 005c 06010000 		.4byte	.LASF7
 572 0060 04       		.uleb128 0x4
 573 0061 04       		.byte	0x4
 574 0062 05       		.byte	0x5
 575 0063 696E7400 		.ascii	"int\000"
 576 0067 02       		.uleb128 0x2
 577 0068 04       		.byte	0x4
 578 0069 07       		.byte	0x7
 579 006a F9000000 		.4byte	.LASF8
 580 006e 03       		.uleb128 0x3
 581 006f 1D010000 		.4byte	.LASF10
 582 0073 02       		.byte	0x2
 583 0074 18       		.byte	0x18
 584 0075 24000000 		.4byte	0x24
 585 0079 05       		.uleb128 0x5
 586 007a 91000000 		.4byte	0x91
 587 007e 8A000000 		.4byte	0x8a
 588 0082 06       		.uleb128 0x6
 589 0083 8A000000 		.4byte	0x8a
 590 0087 BF01     		.2byte	0x1bf
 591 0089 00       		.byte	0
 592 008a 02       		.uleb128 0x2
 593 008b 04       		.byte	0x4
 594 008c 07       		.byte	0x7
 595 008d 48010000 		.4byte	.LASF11
 596 0091 07       		.uleb128 0x7
 597 0092 6E000000 		.4byte	0x6e
 598 0096 08       		.uleb128 0x8
 599 0097 E7000000 		.4byte	.LASF12
 600 009b 03       		.byte	0x3
 601 009c 1F       		.byte	0x1f
 602 009d A7000000 		.4byte	0xa7
 603 00a1 05       		.uleb128 0x5
 604 00a2 03       		.byte	0x3
 605 00a3 00000000 		.4byte	cy_meta_configecc
 606 00a7 07       		.uleb128 0x7
 607 00a8 79000000 		.4byte	0x79
 608 00ac 05       		.uleb128 0x5
 609 00ad 91000000 		.4byte	0x91
 610 00b1 BC000000 		.4byte	0xbc
 611 00b5 09       		.uleb128 0x9
 612 00b6 8A000000 		.4byte	0x8a
 613 00ba 03       		.byte	0x3
 614 00bb 00       		.byte	0
 615 00bc 08       		.uleb128 0x8
 616 00bd D7000000 		.4byte	.LASF13
 617 00c1 03       		.byte	0x3
 618 00c2 64       		.byte	0x64
 619 00c3 CD000000 		.4byte	0xcd
 620 00c7 05       		.uleb128 0x5
 621 00c8 03       		.byte	0x3
 622 00c9 00000000 		.4byte	cy_meta_custnvl
 623 00cd 07       		.uleb128 0x7
ARM GAS  C:\Users\CHANTI~1\AppData\Local\Temp\ccPI8jmM.s 			page 12


 624 00ce AC000000 		.4byte	0xac
 625 00d2 08       		.uleb128 0x8
 626 00d3 3A010000 		.4byte	.LASF14
 627 00d7 03       		.byte	0x3
 628 00d8 72       		.byte	0x72
 629 00d9 E3000000 		.4byte	0xe3
 630 00dd 05       		.uleb128 0x5
 631 00de 03       		.byte	0x3
 632 00df 00000000 		.4byte	cy_meta_wonvl
 633 00e3 07       		.uleb128 0x7
 634 00e4 AC000000 		.4byte	0xac
 635 00e8 05       		.uleb128 0x5
 636 00e9 91000000 		.4byte	0x91
 637 00ed F8000000 		.4byte	0xf8
 638 00f1 09       		.uleb128 0x9
 639 00f2 8A000000 		.4byte	0x8a
 640 00f6 FF       		.byte	0xff
 641 00f7 00       		.byte	0
 642 00f8 08       		.uleb128 0x8
 643 00f9 25010000 		.4byte	.LASF15
 644 00fd 03       		.byte	0x3
 645 00fe 80       		.byte	0x80
 646 00ff 09010000 		.4byte	0x109
 647 0103 05       		.uleb128 0x5
 648 0104 03       		.byte	0x3
 649 0105 00000000 		.4byte	cy_meta_flashprotect
 650 0109 07       		.uleb128 0x7
 651 010a E8000000 		.4byte	0xe8
 652 010e 05       		.uleb128 0x5
 653 010f 91000000 		.4byte	0x91
 654 0113 1E010000 		.4byte	0x11e
 655 0117 09       		.uleb128 0x9
 656 0118 8A000000 		.4byte	0x8a
 657 011c 0B       		.byte	0xb
 658 011d 00       		.byte	0
 659 011e 08       		.uleb128 0x8
 660 011f 0A000000 		.4byte	.LASF16
 661 0123 03       		.byte	0x3
 662 0124 AD       		.byte	0xad
 663 0125 2F010000 		.4byte	0x12f
 664 0129 05       		.uleb128 0x5
 665 012a 03       		.byte	0x3
 666 012b 00000000 		.4byte	cy_metadata
 667 012f 07       		.uleb128 0x7
 668 0130 0E010000 		.4byte	0x10e
 669 0134 00       		.byte	0
 670              		.section	.debug_abbrev,"",%progbits
 671              	.Ldebug_abbrev0:
 672 0000 01       		.uleb128 0x1
 673 0001 11       		.uleb128 0x11
 674 0002 01       		.byte	0x1
 675 0003 25       		.uleb128 0x25
 676 0004 0E       		.uleb128 0xe
 677 0005 13       		.uleb128 0x13
 678 0006 0B       		.uleb128 0xb
 679 0007 03       		.uleb128 0x3
 680 0008 0E       		.uleb128 0xe
ARM GAS  C:\Users\CHANTI~1\AppData\Local\Temp\ccPI8jmM.s 			page 13


 681 0009 1B       		.uleb128 0x1b
 682 000a 0E       		.uleb128 0xe
 683 000b 10       		.uleb128 0x10
 684 000c 17       		.uleb128 0x17
 685 000d 00       		.byte	0
 686 000e 00       		.byte	0
 687 000f 02       		.uleb128 0x2
 688 0010 24       		.uleb128 0x24
 689 0011 00       		.byte	0
 690 0012 0B       		.uleb128 0xb
 691 0013 0B       		.uleb128 0xb
 692 0014 3E       		.uleb128 0x3e
 693 0015 0B       		.uleb128 0xb
 694 0016 03       		.uleb128 0x3
 695 0017 0E       		.uleb128 0xe
 696 0018 00       		.byte	0
 697 0019 00       		.byte	0
 698 001a 03       		.uleb128 0x3
 699 001b 16       		.uleb128 0x16
 700 001c 00       		.byte	0
 701 001d 03       		.uleb128 0x3
 702 001e 0E       		.uleb128 0xe
 703 001f 3A       		.uleb128 0x3a
 704 0020 0B       		.uleb128 0xb
 705 0021 3B       		.uleb128 0x3b
 706 0022 0B       		.uleb128 0xb
 707 0023 49       		.uleb128 0x49
 708 0024 13       		.uleb128 0x13
 709 0025 00       		.byte	0
 710 0026 00       		.byte	0
 711 0027 04       		.uleb128 0x4
 712 0028 24       		.uleb128 0x24
 713 0029 00       		.byte	0
 714 002a 0B       		.uleb128 0xb
 715 002b 0B       		.uleb128 0xb
 716 002c 3E       		.uleb128 0x3e
 717 002d 0B       		.uleb128 0xb
 718 002e 03       		.uleb128 0x3
 719 002f 08       		.uleb128 0x8
 720 0030 00       		.byte	0
 721 0031 00       		.byte	0
 722 0032 05       		.uleb128 0x5
 723 0033 01       		.uleb128 0x1
 724 0034 01       		.byte	0x1
 725 0035 49       		.uleb128 0x49
 726 0036 13       		.uleb128 0x13
 727 0037 01       		.uleb128 0x1
 728 0038 13       		.uleb128 0x13
 729 0039 00       		.byte	0
 730 003a 00       		.byte	0
 731 003b 06       		.uleb128 0x6
 732 003c 21       		.uleb128 0x21
 733 003d 00       		.byte	0
 734 003e 49       		.uleb128 0x49
 735 003f 13       		.uleb128 0x13
 736 0040 2F       		.uleb128 0x2f
 737 0041 05       		.uleb128 0x5
ARM GAS  C:\Users\CHANTI~1\AppData\Local\Temp\ccPI8jmM.s 			page 14


 738 0042 00       		.byte	0
 739 0043 00       		.byte	0
 740 0044 07       		.uleb128 0x7
 741 0045 26       		.uleb128 0x26
 742 0046 00       		.byte	0
 743 0047 49       		.uleb128 0x49
 744 0048 13       		.uleb128 0x13
 745 0049 00       		.byte	0
 746 004a 00       		.byte	0
 747 004b 08       		.uleb128 0x8
 748 004c 34       		.uleb128 0x34
 749 004d 00       		.byte	0
 750 004e 03       		.uleb128 0x3
 751 004f 0E       		.uleb128 0xe
 752 0050 3A       		.uleb128 0x3a
 753 0051 0B       		.uleb128 0xb
 754 0052 3B       		.uleb128 0x3b
 755 0053 0B       		.uleb128 0xb
 756 0054 49       		.uleb128 0x49
 757 0055 13       		.uleb128 0x13
 758 0056 3F       		.uleb128 0x3f
 759 0057 19       		.uleb128 0x19
 760 0058 02       		.uleb128 0x2
 761 0059 18       		.uleb128 0x18
 762 005a 00       		.byte	0
 763 005b 00       		.byte	0
 764 005c 09       		.uleb128 0x9
 765 005d 21       		.uleb128 0x21
 766 005e 00       		.byte	0
 767 005f 49       		.uleb128 0x49
 768 0060 13       		.uleb128 0x13
 769 0061 2F       		.uleb128 0x2f
 770 0062 0B       		.uleb128 0xb
 771 0063 00       		.byte	0
 772 0064 00       		.byte	0
 773 0065 00       		.byte	0
 774              		.section	.debug_aranges,"",%progbits
 775 0000 14000000 		.4byte	0x14
 776 0004 0200     		.2byte	0x2
 777 0006 00000000 		.4byte	.Ldebug_info0
 778 000a 04       		.byte	0x4
 779 000b 00       		.byte	0
 780 000c 0000     		.2byte	0
 781 000e 0000     		.2byte	0
 782 0010 00000000 		.4byte	0
 783 0014 00000000 		.4byte	0
 784              		.section	.debug_line,"",%progbits
 785              	.Ldebug_line0:
 786 0000 3D010000 		.section	.debug_str,"MS",%progbits,1
 786      02003701 
 786      00000201 
 786      FB0E0D00 
 786      01010101 
 787              	.LASF9:
 788 0000 5F5F7569 		.ascii	"__uint8_t\000"
 788      6E74385F 
 788      7400
ARM GAS  C:\Users\CHANTI~1\AppData\Local\Temp\ccPI8jmM.s 			page 15


 789              	.LASF16:
 790 000a 63795F6D 		.ascii	"cy_metadata\000"
 790      65746164 
 790      61746100 
 791              	.LASF1:
 792 0016 756E7369 		.ascii	"unsigned char\000"
 792      676E6564 
 792      20636861 
 792      7200
 793              	.LASF17:
 794 0024 474E5520 		.ascii	"GNU C11 5.4.1 20160609 (release) [ARM/embedded-5-br"
 794      43313120 
 794      352E342E 
 794      31203230 
 794      31363036 
 795 0057 616E6368 		.ascii	"anch revision 237715] -mcpu=cortex-m3 -mthumb -g -O"
 795      20726576 
 795      6973696F 
 795      6E203233 
 795      37373135 
 796 008a 67202D66 		.ascii	"g -ffunction-sections -ffat-lto-objects\000"
 796      66756E63 
 796      74696F6E 
 796      2D736563 
 796      74696F6E 
 797              	.LASF5:
 798 00b2 6C6F6E67 		.ascii	"long unsigned int\000"
 798      20756E73 
 798      69676E65 
 798      6420696E 
 798      7400
 799              	.LASF3:
 800 00c4 73686F72 		.ascii	"short unsigned int\000"
 800      7420756E 
 800      7369676E 
 800      65642069 
 800      6E7400
 801              	.LASF13:
 802 00d7 63795F6D 		.ascii	"cy_meta_custnvl\000"
 802      6574615F 
 802      63757374 
 802      6E766C00 
 803              	.LASF12:
 804 00e7 63795F6D 		.ascii	"cy_meta_configecc\000"
 804      6574615F 
 804      636F6E66 
 804      69676563 
 804      6300
 805              	.LASF8:
 806 00f9 756E7369 		.ascii	"unsigned int\000"
 806      676E6564 
 806      20696E74 
 806      00
 807              	.LASF7:
 808 0106 6C6F6E67 		.ascii	"long long unsigned int\000"
 808      206C6F6E 
 808      6720756E 
ARM GAS  C:\Users\CHANTI~1\AppData\Local\Temp\ccPI8jmM.s 			page 16


 808      7369676E 
 808      65642069 
 809              	.LASF10:
 810 011d 75696E74 		.ascii	"uint8_t\000"
 810      385F7400 
 811              	.LASF15:
 812 0125 63795F6D 		.ascii	"cy_meta_flashprotect\000"
 812      6574615F 
 812      666C6173 
 812      6870726F 
 812      74656374 
 813              	.LASF14:
 814 013a 63795F6D 		.ascii	"cy_meta_wonvl\000"
 814      6574615F 
 814      776F6E76 
 814      6C00
 815              	.LASF11:
 816 0148 73697A65 		.ascii	"sizetype\000"
 816      74797065 
 816      00
 817              	.LASF6:
 818 0151 6C6F6E67 		.ascii	"long long int\000"
 818      206C6F6E 
 818      6720696E 
 818      7400
 819              	.LASF2:
 820 015f 73686F72 		.ascii	"short int\000"
 820      7420696E 
 820      7400
 821              	.LASF19:
 822 0169 433A5C55 		.ascii	"C:\\Users\\Chantilly Robotics\\Desktop\\FRC 2019-20"
 822      73657273 
 822      5C436861 
 822      6E74696C 
 822      6C792052 
 823 0198 32305C43 		.ascii	"20\\Custom Gunner Controls\\2020-Control-Scheme.cyd"
 823      7573746F 
 823      6D204775 
 823      6E6E6572 
 823      20436F6E 
 824 01c9 736E00   		.ascii	"sn\000"
 825              	.LASF4:
 826 01cc 6C6F6E67 		.ascii	"long int\000"
 826      20696E74 
 826      00
 827              	.LASF0:
 828 01d5 7369676E 		.ascii	"signed char\000"
 828      65642063 
 828      68617200 
 829              	.LASF18:
 830 01e1 47656E65 		.ascii	"Generated_Source\\PSoC5\\cymetadata.c\000"
 830      72617465 
 830      645F536F 
 830      75726365 
 830      5C50536F 
 831              		.ident	"GCC: (GNU Tools for ARM Embedded Processors) 5.4.1 20160609 (release) [ARM/embedded-5-bran
