ARM GAS  C:\Users\CHANTI~1\AppData\Local\Temp\ccoLYTYK.s 			page 1


   1              		.syntax unified
   2              		.cpu cortex-m3
   3              		.fpu softvfp
   4              		.eabi_attribute 20, 1
   5              		.eabi_attribute 21, 1
   6              		.eabi_attribute 23, 3
   7              		.eabi_attribute 24, 1
   8              		.eabi_attribute 25, 1
   9              		.eabi_attribute 26, 1
  10              		.eabi_attribute 30, 1
  11              		.eabi_attribute 34, 1
  12              		.eabi_attribute 18, 4
  13              		.thumb
  14              		.syntax unified
  15              		.file	"main.c"
  16              		.text
  17              	.Ltext0:
  18              		.cfi_sections	.debug_frame
  19              		.section	.text.startup,"ax",%progbits
  20              		.align	2
  21              		.global	startup
  22              		.thumb
  23              		.thumb_func
  24              		.type	startup, %function
  25              	startup:
  26              	.LFB63:
  27              		.file 1 "main.c"
   1:main.c        **** #include "project.h"
   2:main.c        **** 
   3:main.c        **** #define EP_IN 1
   4:main.c        **** #define EP_OUT 2
   5:main.c        **** 
   6:main.c        **** #define BUTTON_SIZE 2
   7:main.c        **** 
   8:main.c        **** 
   9:main.c        **** static uint8 BUTTON_INPUT[BUTTON_SIZE];
  10:main.c        **** static uint8 USB_INPUT[BUTTON_SIZE];
  11:main.c        **** static uint8 USB_OUTPUT[BUTTON_SIZE];
  12:main.c        **** 
  13:main.c        **** void startup(void){
  28              		.loc 1 13 0
  29              		.cfi_startproc
  30              		@ args = 0, pretend = 0, frame = 0
  31              		@ frame_needed = 0, uses_anonymous_args = 0
  32 0000 08B5     		push	{r3, lr}
  33              		.cfi_def_cfa_offset 8
  34              		.cfi_offset 3, -8
  35              		.cfi_offset 14, -4
  36              	.LVL0:
  37              	.LBB2:
  14:main.c        ****     for(uint8 i = 0; i < sizeof(BUTTON_INPUT); i++){
  38              		.loc 1 14 0
  39 0002 0023     		movs	r3, #0
  40 0004 01E0     		b	.L2
  41              	.LVL1:
  42              	.L3:
  43              		.loc 1 14 0 is_stmt 0 discriminator 3
ARM GAS  C:\Users\CHANTI~1\AppData\Local\Temp\ccoLYTYK.s 			page 2


  44 0006 0133     		adds	r3, r3, #1
  45              	.LVL2:
  46 0008 DBB2     		uxtb	r3, r3
  47              	.LVL3:
  48              	.L2:
  49              		.loc 1 14 0 discriminator 1
  50 000a 012B     		cmp	r3, #1
  51 000c FBD9     		bls	.L3
  52 000e 0023     		movs	r3, #0
  53              	.LVL4:
  54 0010 01E0     		b	.L4
  55              	.LVL5:
  56              	.L5:
  57              	.LBE2:
  58              	.LBB3:
  15:main.c        ****         BUTTON_INPUT[i] = 0;
  16:main.c        ****     }
  17:main.c        ****     for(uint8 j = 0; j < sizeof(BUTTON_INPUT); j++){
  59              		.loc 1 17 0 is_stmt 1 discriminator 3
  60 0012 0133     		adds	r3, r3, #1
  61              	.LVL6:
  62 0014 DBB2     		uxtb	r3, r3
  63              	.LVL7:
  64              	.L4:
  65              		.loc 1 17 0 is_stmt 0 discriminator 1
  66 0016 012B     		cmp	r3, #1
  67 0018 FBD9     		bls	.L5
  68 001a 0023     		movs	r3, #0
  69              	.LVL8:
  70 001c 04E0     		b	.L6
  71              	.LVL9:
  72              	.L7:
  73              	.LBE3:
  74              	.LBB4:
  18:main.c        ****         USB_INPUT[j] = 0;
  19:main.c        ****     }    
  20:main.c        ****     for(uint8 k = 0; k < sizeof(BUTTON_INPUT); k++){
  21:main.c        ****         USB_OUTPUT[k] = 0;
  75              		.loc 1 21 0 is_stmt 1 discriminator 3
  76 001e 0021     		movs	r1, #0
  77 0020 054A     		ldr	r2, .L9
  78 0022 D154     		strb	r1, [r2, r3]
  20:main.c        ****         USB_OUTPUT[k] = 0;
  79              		.loc 1 20 0 discriminator 3
  80 0024 0133     		adds	r3, r3, #1
  81              	.LVL10:
  82 0026 DBB2     		uxtb	r3, r3
  83              	.LVL11:
  84              	.L6:
  20:main.c        ****         USB_OUTPUT[k] = 0;
  85              		.loc 1 20 0 is_stmt 0 discriminator 1
  86 0028 012B     		cmp	r3, #1
  87 002a F8D9     		bls	.L7
  88              	.LBE4:
  22:main.c        ****     }  
  23:main.c        ****     USB_Start(0, USB_DWR_VDDD_OPERATION);
  89              		.loc 1 23 0 is_stmt 1
ARM GAS  C:\Users\CHANTI~1\AppData\Local\Temp\ccoLYTYK.s 			page 3


  90 002c 0221     		movs	r1, #2
  91 002e 0020     		movs	r0, #0
  92 0030 FFF7FEFF 		bl	USB_Start
  93              	.LVL12:
  94 0034 08BD     		pop	{r3, pc}
  95              	.L10:
  96 0036 00BF     		.align	2
  97              	.L9:
  98 0038 00000000 		.word	.LANCHOR0
  99              		.cfi_endproc
 100              	.LFE63:
 101              		.size	startup, .-startup
 102              		.section	.text.read_buttons,"ax",%progbits
 103              		.align	2
 104              		.global	read_buttons
 105              		.thumb
 106              		.thumb_func
 107              		.type	read_buttons, %function
 108              	read_buttons:
 109              	.LFB64:
  24:main.c        **** }
  25:main.c        **** 
  26:main.c        **** void read_buttons(void){
 110              		.loc 1 26 0
 111              		.cfi_startproc
 112              		@ args = 0, pretend = 0, frame = 0
 113              		@ frame_needed = 0, uses_anonymous_args = 0
 114 0000 08B5     		push	{r3, lr}
 115              		.cfi_def_cfa_offset 8
 116              		.cfi_offset 3, -8
 117              		.cfi_offset 14, -4
  27:main.c        ****     BUTTON_INPUT[0] = Status_1_8_Read();
 118              		.loc 1 27 0
 119 0002 FFF7FEFF 		bl	Status_1_8_Read
 120              	.LVL13:
  28:main.c        ****     BUTTON_INPUT[1] = Status_9_11_Read();
 121              		.loc 1 28 0
 122 0006 FFF7FEFF 		bl	Status_9_11_Read
 123              	.LVL14:
 124 000a 08BD     		pop	{r3, pc}
 125              		.cfi_endproc
 126              	.LFE64:
 127              		.size	read_buttons, .-read_buttons
 128              		.section	.text.main,"ax",%progbits
 129              		.align	2
 130              		.global	main
 131              		.thumb
 132              		.thumb_func
 133              		.type	main, %function
 134              	main:
 135              	.LFB65:
  29:main.c        **** }
  30:main.c        **** 
  31:main.c        **** 
  32:main.c        **** int main(void)
  33:main.c        **** {
 136              		.loc 1 33 0
ARM GAS  C:\Users\CHANTI~1\AppData\Local\Temp\ccoLYTYK.s 			page 4


 137              		.cfi_startproc
 138              		@ Volatile: function does not return.
 139              		@ args = 0, pretend = 0, frame = 0
 140              		@ frame_needed = 0, uses_anonymous_args = 0
 141 0000 08B5     		push	{r3, lr}
 142              		.cfi_def_cfa_offset 8
 143              		.cfi_offset 3, -8
 144              		.cfi_offset 14, -4
  34:main.c        ****     CyGlobalIntEnable; /* Enable global interrupts. */ 
 145              		.loc 1 34 0
 146              		.syntax unified
 147              	@ 34 "main.c" 1
 148 0002 62B6     		CPSIE   i
 149              	@ 0 "" 2
  35:main.c        ****     startup();
 150              		.loc 1 35 0
 151              		.thumb
 152              		.syntax unified
 153 0004 FFF7FEFF 		bl	startup
 154              	.LVL15:
 155              	.L15:
  36:main.c        ****     
  37:main.c        ****     for(;;)
  38:main.c        ****     {
  39:main.c        ****     led_Write(1);
 156              		.loc 1 39 0
 157 0008 0120     		movs	r0, #1
 158 000a FFF7FEFF 		bl	led_Write
 159              	.LVL16:
  40:main.c        ****     CyDelay(500);
 160              		.loc 1 40 0
 161 000e 4FF4FA70 		mov	r0, #500
 162 0012 FFF7FEFF 		bl	CyDelay
 163              	.LVL17:
  41:main.c        ****     led_Write(0);
 164              		.loc 1 41 0
 165 0016 0020     		movs	r0, #0
 166 0018 FFF7FEFF 		bl	led_Write
 167              	.LVL18:
  42:main.c        ****     CyDelay(500);
 168              		.loc 1 42 0
 169 001c 4FF4FA70 		mov	r0, #500
 170 0020 FFF7FEFF 		bl	CyDelay
 171              	.LVL19:
 172              	.L14:
  43:main.c        ****     
  44:main.c        ****      while(!USB_GetEPAckState(EP_OUT));
 173              		.loc 1 44 0 discriminator 1
 174 0024 0220     		movs	r0, #2
 175 0026 FFF7FEFF 		bl	USB_GetEPAckState
 176              	.LVL20:
 177 002a 0028     		cmp	r0, #0
 178 002c FAD0     		beq	.L14
  45:main.c        ****      
  46:main.c        ****     read_buttons();
 179              		.loc 1 46 0
 180 002e FFF7FEFF 		bl	read_buttons
ARM GAS  C:\Users\CHANTI~1\AppData\Local\Temp\ccoLYTYK.s 			page 5


 181              	.LVL21:
  47:main.c        ****     
  48:main.c        ****      // if usb reading data is empty, write
  49:main.c        ****     if (USB_GetEPState(EP_OUT) == USB_IN_BUFFER_EMPTY){
 182              		.loc 1 49 0
 183 0032 0220     		movs	r0, #2
 184 0034 FFF7FEFF 		bl	USB_GetEPState
 185              	.LVL22:
 186 0038 0128     		cmp	r0, #1
 187 003a E5D1     		bne	.L15
  50:main.c        ****         USB_LoadInEP(EP_IN, (uint8 *)USB_OUTPUT, 11); // check last parameter
 188              		.loc 1 50 0
 189 003c 0B22     		movs	r2, #11
 190 003e 0249     		ldr	r1, .L18
 191 0040 FFF7FEFF 		bl	USB_LoadInEP
 192              	.LVL23:
 193 0044 E0E7     		b	.L15
 194              	.L19:
 195 0046 00BF     		.align	2
 196              	.L18:
 197 0048 00000000 		.word	.LANCHOR0
 198              		.cfi_endproc
 199              	.LFE65:
 200              		.size	main, .-main
 201              		.bss
 202              		.align	2
 203              		.set	.LANCHOR0,. + 0
 204              		.type	USB_OUTPUT, %object
 205              		.size	USB_OUTPUT, 2
 206              	USB_OUTPUT:
 207 0000 0000     		.space	2
 208              		.text
 209              	.Letext0:
 210              		.file 2 "c:\\program files (x86)\\cypress\\psoc creator\\4.2\\psoc creator\\import\\gnu\\arm\\5.4.
 211              		.file 3 "c:\\program files (x86)\\cypress\\psoc creator\\4.2\\psoc creator\\import\\gnu\\arm\\5.4.
 212              		.file 4 "Generated_Source\\PSoC5/cytypes.h"
 213              		.file 5 "Generated_Source\\PSoC5/USB.h"
 214              		.file 6 "Generated_Source\\PSoC5/Status_1_8.h"
 215              		.file 7 "Generated_Source\\PSoC5/Status_9_11.h"
 216              		.file 8 "Generated_Source\\PSoC5/led.h"
 217              		.file 9 "Generated_Source\\PSoC5/CyLib.h"
 218              		.file 10 "Generated_Source\\PSoC5/core_cm3.h"
 219              		.section	.debug_info,"",%progbits
 220              	.Ldebug_info0:
 221 0000 AE020000 		.4byte	0x2ae
 222 0004 0400     		.2byte	0x4
 223 0006 00000000 		.4byte	.Ldebug_abbrev0
 224 000a 04       		.byte	0x4
 225 000b 01       		.uleb128 0x1
 226 000c 35000000 		.4byte	.LASF30
 227 0010 0C       		.byte	0xc
 228 0011 A3010000 		.4byte	.LASF31
 229 0015 B9010000 		.4byte	.LASF32
 230 0019 00000000 		.4byte	.Ldebug_ranges0+0
 231 001d 00000000 		.4byte	0
 232 0021 00000000 		.4byte	.Ldebug_line0
 233 0025 02       		.uleb128 0x2
ARM GAS  C:\Users\CHANTI~1\AppData\Local\Temp\ccoLYTYK.s 			page 6


 234 0026 01       		.byte	0x1
 235 0027 06       		.byte	0x6
 236 0028 5B020000 		.4byte	.LASF0
 237 002c 02       		.uleb128 0x2
 238 002d 01       		.byte	0x1
 239 002e 08       		.byte	0x8
 240 002f 27000000 		.4byte	.LASF1
 241 0033 02       		.uleb128 0x2
 242 0034 02       		.byte	0x2
 243 0035 05       		.byte	0x5
 244 0036 AF010000 		.4byte	.LASF2
 245 003a 02       		.uleb128 0x2
 246 003b 02       		.byte	0x2
 247 003c 07       		.byte	0x7
 248 003d E4000000 		.4byte	.LASF3
 249 0041 03       		.uleb128 0x3
 250 0042 0D000000 		.4byte	.LASF9
 251 0046 02       		.byte	0x2
 252 0047 3F       		.byte	0x3f
 253 0048 4C000000 		.4byte	0x4c
 254 004c 02       		.uleb128 0x2
 255 004d 04       		.byte	0x4
 256 004e 05       		.byte	0x5
 257 004f 39020000 		.4byte	.LASF4
 258 0053 02       		.uleb128 0x2
 259 0054 04       		.byte	0x4
 260 0055 07       		.byte	0x7
 261 0056 D2000000 		.4byte	.LASF5
 262 005a 02       		.uleb128 0x2
 263 005b 08       		.byte	0x8
 264 005c 05       		.byte	0x5
 265 005d 95010000 		.4byte	.LASF6
 266 0061 02       		.uleb128 0x2
 267 0062 08       		.byte	0x8
 268 0063 07       		.byte	0x7
 269 0064 54010000 		.4byte	.LASF7
 270 0068 04       		.uleb128 0x4
 271 0069 04       		.byte	0x4
 272 006a 05       		.byte	0x5
 273 006b 696E7400 		.ascii	"int\000"
 274 006f 02       		.uleb128 0x2
 275 0070 04       		.byte	0x4
 276 0071 07       		.byte	0x7
 277 0072 32010000 		.4byte	.LASF8
 278 0076 03       		.uleb128 0x3
 279 0077 7C010000 		.4byte	.LASF10
 280 007b 03       		.byte	0x3
 281 007c 2C       		.byte	0x2c
 282 007d 41000000 		.4byte	0x41
 283 0081 05       		.uleb128 0x5
 284 0082 1C020000 		.4byte	.LASF11
 285 0086 04       		.byte	0x4
 286 0087 E401     		.2byte	0x1e4
 287 0089 2C000000 		.4byte	0x2c
 288 008d 02       		.uleb128 0x2
 289 008e 04       		.byte	0x4
 290 008f 04       		.byte	0x4
ARM GAS  C:\Users\CHANTI~1\AppData\Local\Temp\ccoLYTYK.s 			page 7


 291 0090 21000000 		.4byte	.LASF12
 292 0094 02       		.uleb128 0x2
 293 0095 08       		.byte	0x8
 294 0096 04       		.byte	0x4
 295 0097 14010000 		.4byte	.LASF13
 296 009b 02       		.uleb128 0x2
 297 009c 01       		.byte	0x1
 298 009d 08       		.byte	0x8
 299 009e AA010000 		.4byte	.LASF14
 300 00a2 02       		.uleb128 0x2
 301 00a3 08       		.byte	0x8
 302 00a4 04       		.byte	0x4
 303 00a5 4F020000 		.4byte	.LASF15
 304 00a9 02       		.uleb128 0x2
 305 00aa 04       		.byte	0x4
 306 00ab 07       		.byte	0x7
 307 00ac 84010000 		.4byte	.LASF16
 308 00b0 06       		.uleb128 0x6
 309 00b1 8D010000 		.4byte	.LASF17
 310 00b5 01       		.byte	0x1
 311 00b6 0D       		.byte	0xd
 312 00b7 00000000 		.4byte	.LFB63
 313 00bb 3C000000 		.4byte	.LFE63-.LFB63
 314 00bf 01       		.uleb128 0x1
 315 00c0 9C       		.byte	0x9c
 316 00c1 2B010000 		.4byte	0x12b
 317 00c5 07       		.uleb128 0x7
 318 00c6 02000000 		.4byte	.LBB2
 319 00ca 10000000 		.4byte	.LBE2-.LBB2
 320 00ce E0000000 		.4byte	0xe0
 321 00d2 08       		.uleb128 0x8
 322 00d3 6900     		.ascii	"i\000"
 323 00d5 01       		.byte	0x1
 324 00d6 0E       		.byte	0xe
 325 00d7 81000000 		.4byte	0x81
 326 00db 00000000 		.4byte	.LLST0
 327 00df 00       		.byte	0
 328 00e0 07       		.uleb128 0x7
 329 00e1 12000000 		.4byte	.LBB3
 330 00e5 0C000000 		.4byte	.LBE3-.LBB3
 331 00e9 FB000000 		.4byte	0xfb
 332 00ed 08       		.uleb128 0x8
 333 00ee 6A00     		.ascii	"j\000"
 334 00f0 01       		.byte	0x1
 335 00f1 11       		.byte	0x11
 336 00f2 81000000 		.4byte	0x81
 337 00f6 2A000000 		.4byte	.LLST1
 338 00fa 00       		.byte	0
 339 00fb 07       		.uleb128 0x7
 340 00fc 1E000000 		.4byte	.LBB4
 341 0100 0E000000 		.4byte	.LBE4-.LBB4
 342 0104 16010000 		.4byte	0x116
 343 0108 08       		.uleb128 0x8
 344 0109 6B00     		.ascii	"k\000"
 345 010b 01       		.byte	0x1
 346 010c 14       		.byte	0x14
 347 010d 81000000 		.4byte	0x81
ARM GAS  C:\Users\CHANTI~1\AppData\Local\Temp\ccoLYTYK.s 			page 8


 348 0111 48000000 		.4byte	.LLST2
 349 0115 00       		.byte	0
 350 0116 09       		.uleb128 0x9
 351 0117 34000000 		.4byte	.LVL12
 352 011b 55020000 		.4byte	0x255
 353 011f 0A       		.uleb128 0xa
 354 0120 01       		.uleb128 0x1
 355 0121 50       		.byte	0x50
 356 0122 01       		.uleb128 0x1
 357 0123 30       		.byte	0x30
 358 0124 0A       		.uleb128 0xa
 359 0125 01       		.uleb128 0x1
 360 0126 51       		.byte	0x51
 361 0127 01       		.uleb128 0x1
 362 0128 32       		.byte	0x32
 363 0129 00       		.byte	0
 364 012a 00       		.byte	0
 365 012b 06       		.uleb128 0x6
 366 012c 2C020000 		.4byte	.LASF18
 367 0130 01       		.byte	0x1
 368 0131 1A       		.byte	0x1a
 369 0132 00000000 		.4byte	.LFB64
 370 0136 0C000000 		.4byte	.LFE64-.LFB64
 371 013a 01       		.uleb128 0x1
 372 013b 9C       		.byte	0x9c
 373 013c 53010000 		.4byte	0x153
 374 0140 0B       		.uleb128 0xb
 375 0141 06000000 		.4byte	.LVL13
 376 0145 61020000 		.4byte	0x261
 377 0149 0B       		.uleb128 0xb
 378 014a 0A000000 		.4byte	.LVL14
 379 014e 6C020000 		.4byte	0x26c
 380 0152 00       		.byte	0
 381 0153 0C       		.uleb128 0xc
 382 0154 1B010000 		.4byte	.LASF33
 383 0158 01       		.byte	0x1
 384 0159 20       		.byte	0x20
 385 015a 68000000 		.4byte	0x68
 386 015e 00000000 		.4byte	.LFB65
 387 0162 4C000000 		.4byte	.LFE65-.LFB65
 388 0166 01       		.uleb128 0x1
 389 0167 9C       		.byte	0x9c
 390 0168 0D020000 		.4byte	0x20d
 391 016c 0B       		.uleb128 0xb
 392 016d 08000000 		.4byte	.LVL15
 393 0171 B0000000 		.4byte	0xb0
 394 0175 0D       		.uleb128 0xd
 395 0176 0E000000 		.4byte	.LVL16
 396 017a 77020000 		.4byte	0x277
 397 017e 88010000 		.4byte	0x188
 398 0182 0A       		.uleb128 0xa
 399 0183 01       		.uleb128 0x1
 400 0184 50       		.byte	0x50
 401 0185 01       		.uleb128 0x1
 402 0186 31       		.byte	0x31
 403 0187 00       		.byte	0
 404 0188 0D       		.uleb128 0xd
ARM GAS  C:\Users\CHANTI~1\AppData\Local\Temp\ccoLYTYK.s 			page 9


 405 0189 16000000 		.4byte	.LVL17
 406 018d 82020000 		.4byte	0x282
 407 0191 9D010000 		.4byte	0x19d
 408 0195 0A       		.uleb128 0xa
 409 0196 01       		.uleb128 0x1
 410 0197 50       		.byte	0x50
 411 0198 03       		.uleb128 0x3
 412 0199 0A       		.byte	0xa
 413 019a F401     		.2byte	0x1f4
 414 019c 00       		.byte	0
 415 019d 0D       		.uleb128 0xd
 416 019e 1C000000 		.4byte	.LVL18
 417 01a2 77020000 		.4byte	0x277
 418 01a6 B0010000 		.4byte	0x1b0
 419 01aa 0A       		.uleb128 0xa
 420 01ab 01       		.uleb128 0x1
 421 01ac 50       		.byte	0x50
 422 01ad 01       		.uleb128 0x1
 423 01ae 30       		.byte	0x30
 424 01af 00       		.byte	0
 425 01b0 0D       		.uleb128 0xd
 426 01b1 24000000 		.4byte	.LVL19
 427 01b5 82020000 		.4byte	0x282
 428 01b9 C5010000 		.4byte	0x1c5
 429 01bd 0A       		.uleb128 0xa
 430 01be 01       		.uleb128 0x1
 431 01bf 50       		.byte	0x50
 432 01c0 03       		.uleb128 0x3
 433 01c1 0A       		.byte	0xa
 434 01c2 F401     		.2byte	0x1f4
 435 01c4 00       		.byte	0
 436 01c5 0D       		.uleb128 0xd
 437 01c6 2A000000 		.4byte	.LVL20
 438 01ca 8D020000 		.4byte	0x28d
 439 01ce D8010000 		.4byte	0x1d8
 440 01d2 0A       		.uleb128 0xa
 441 01d3 01       		.uleb128 0x1
 442 01d4 50       		.byte	0x50
 443 01d5 01       		.uleb128 0x1
 444 01d6 32       		.byte	0x32
 445 01d7 00       		.byte	0
 446 01d8 0B       		.uleb128 0xb
 447 01d9 32000000 		.4byte	.LVL21
 448 01dd 2B010000 		.4byte	0x12b
 449 01e1 0D       		.uleb128 0xd
 450 01e2 38000000 		.4byte	.LVL22
 451 01e6 99020000 		.4byte	0x299
 452 01ea F4010000 		.4byte	0x1f4
 453 01ee 0A       		.uleb128 0xa
 454 01ef 01       		.uleb128 0x1
 455 01f0 50       		.byte	0x50
 456 01f1 01       		.uleb128 0x1
 457 01f2 32       		.byte	0x32
 458 01f3 00       		.byte	0
 459 01f4 09       		.uleb128 0x9
 460 01f5 44000000 		.4byte	.LVL23
 461 01f9 A5020000 		.4byte	0x2a5
ARM GAS  C:\Users\CHANTI~1\AppData\Local\Temp\ccoLYTYK.s 			page 10


 462 01fd 0A       		.uleb128 0xa
 463 01fe 01       		.uleb128 0x1
 464 01ff 51       		.byte	0x51
 465 0200 05       		.uleb128 0x5
 466 0201 03       		.byte	0x3
 467 0202 00000000 		.4byte	.LANCHOR0
 468 0206 0A       		.uleb128 0xa
 469 0207 01       		.uleb128 0x1
 470 0208 52       		.byte	0x52
 471 0209 01       		.uleb128 0x1
 472 020a 3B       		.byte	0x3b
 473 020b 00       		.byte	0
 474 020c 00       		.byte	0
 475 020d 0E       		.uleb128 0xe
 476 020e 81000000 		.4byte	0x81
 477 0212 1D020000 		.4byte	0x21d
 478 0216 0F       		.uleb128 0xf
 479 0217 A9000000 		.4byte	0xa9
 480 021b 01       		.byte	0x1
 481 021c 00       		.byte	0
 482 021d 10       		.uleb128 0x10
 483 021e 42020000 		.4byte	.LASF19
 484 0222 01       		.byte	0x1
 485 0223 09       		.byte	0x9
 486 0224 0D020000 		.4byte	0x20d
 487 0228 10       		.uleb128 0x10
 488 0229 3F010000 		.4byte	.LASF20
 489 022d 01       		.byte	0x1
 490 022e 0A       		.byte	0xa
 491 022f 0D020000 		.4byte	0x20d
 492 0233 11       		.uleb128 0x11
 493 0234 49010000 		.4byte	.LASF21
 494 0238 01       		.byte	0x1
 495 0239 0B       		.byte	0xb
 496 023a 0D020000 		.4byte	0x20d
 497 023e 05       		.uleb128 0x5
 498 023f 03       		.byte	0x3
 499 0240 00000000 		.4byte	USB_OUTPUT
 500 0244 12       		.uleb128 0x12
 501 0245 07010000 		.4byte	.LASF34
 502 0249 0A       		.byte	0xa
 503 024a 1207     		.2byte	0x712
 504 024c 50020000 		.4byte	0x250
 505 0250 13       		.uleb128 0x13
 506 0251 76000000 		.4byte	0x76
 507 0255 14       		.uleb128 0x14
 508 0256 22020000 		.4byte	.LASF22
 509 025a 22020000 		.4byte	.LASF22
 510 025e 05       		.byte	0x5
 511 025f 2F01     		.2byte	0x12f
 512 0261 15       		.uleb128 0x15
 513 0262 F7000000 		.4byte	.LASF23
 514 0266 F7000000 		.4byte	.LASF23
 515 026a 06       		.byte	0x6
 516 026b 30       		.byte	0x30
 517 026c 15       		.uleb128 0x15
 518 026d 6B010000 		.4byte	.LASF24
ARM GAS  C:\Users\CHANTI~1\AppData\Local\Temp\ccoLYTYK.s 			page 11


 519 0271 6B010000 		.4byte	.LASF24
 520 0275 07       		.byte	0x7
 521 0276 30       		.byte	0x30
 522 0277 15       		.uleb128 0x15
 523 0278 17000000 		.4byte	.LASF25
 524 027c 17000000 		.4byte	.LASF25
 525 0280 08       		.byte	0x8
 526 0281 26       		.byte	0x26
 527 0282 15       		.uleb128 0x15
 528 0283 67020000 		.4byte	.LASF26
 529 0287 67020000 		.4byte	.LASF26
 530 028b 09       		.byte	0x9
 531 028c 76       		.byte	0x76
 532 028d 14       		.uleb128 0x14
 533 028e 20010000 		.4byte	.LASF27
 534 0292 20010000 		.4byte	.LASF27
 535 0296 05       		.byte	0x5
 536 0297 3E01     		.2byte	0x13e
 537 0299 14       		.uleb128 0x14
 538 029a C3000000 		.4byte	.LASF28
 539 029e C3000000 		.4byte	.LASF28
 540 02a2 05       		.byte	0x5
 541 02a3 3501     		.2byte	0x135
 542 02a5 14       		.uleb128 0x14
 543 02a6 00000000 		.4byte	.LASF29
 544 02aa 00000000 		.4byte	.LASF29
 545 02ae 05       		.byte	0x5
 546 02af 3701     		.2byte	0x137
 547 02b1 00       		.byte	0
 548              		.section	.debug_abbrev,"",%progbits
 549              	.Ldebug_abbrev0:
 550 0000 01       		.uleb128 0x1
 551 0001 11       		.uleb128 0x11
 552 0002 01       		.byte	0x1
 553 0003 25       		.uleb128 0x25
 554 0004 0E       		.uleb128 0xe
 555 0005 13       		.uleb128 0x13
 556 0006 0B       		.uleb128 0xb
 557 0007 03       		.uleb128 0x3
 558 0008 0E       		.uleb128 0xe
 559 0009 1B       		.uleb128 0x1b
 560 000a 0E       		.uleb128 0xe
 561 000b 55       		.uleb128 0x55
 562 000c 17       		.uleb128 0x17
 563 000d 11       		.uleb128 0x11
 564 000e 01       		.uleb128 0x1
 565 000f 10       		.uleb128 0x10
 566 0010 17       		.uleb128 0x17
 567 0011 00       		.byte	0
 568 0012 00       		.byte	0
 569 0013 02       		.uleb128 0x2
 570 0014 24       		.uleb128 0x24
 571 0015 00       		.byte	0
 572 0016 0B       		.uleb128 0xb
 573 0017 0B       		.uleb128 0xb
 574 0018 3E       		.uleb128 0x3e
 575 0019 0B       		.uleb128 0xb
ARM GAS  C:\Users\CHANTI~1\AppData\Local\Temp\ccoLYTYK.s 			page 12


 576 001a 03       		.uleb128 0x3
 577 001b 0E       		.uleb128 0xe
 578 001c 00       		.byte	0
 579 001d 00       		.byte	0
 580 001e 03       		.uleb128 0x3
 581 001f 16       		.uleb128 0x16
 582 0020 00       		.byte	0
 583 0021 03       		.uleb128 0x3
 584 0022 0E       		.uleb128 0xe
 585 0023 3A       		.uleb128 0x3a
 586 0024 0B       		.uleb128 0xb
 587 0025 3B       		.uleb128 0x3b
 588 0026 0B       		.uleb128 0xb
 589 0027 49       		.uleb128 0x49
 590 0028 13       		.uleb128 0x13
 591 0029 00       		.byte	0
 592 002a 00       		.byte	0
 593 002b 04       		.uleb128 0x4
 594 002c 24       		.uleb128 0x24
 595 002d 00       		.byte	0
 596 002e 0B       		.uleb128 0xb
 597 002f 0B       		.uleb128 0xb
 598 0030 3E       		.uleb128 0x3e
 599 0031 0B       		.uleb128 0xb
 600 0032 03       		.uleb128 0x3
 601 0033 08       		.uleb128 0x8
 602 0034 00       		.byte	0
 603 0035 00       		.byte	0
 604 0036 05       		.uleb128 0x5
 605 0037 16       		.uleb128 0x16
 606 0038 00       		.byte	0
 607 0039 03       		.uleb128 0x3
 608 003a 0E       		.uleb128 0xe
 609 003b 3A       		.uleb128 0x3a
 610 003c 0B       		.uleb128 0xb
 611 003d 3B       		.uleb128 0x3b
 612 003e 05       		.uleb128 0x5
 613 003f 49       		.uleb128 0x49
 614 0040 13       		.uleb128 0x13
 615 0041 00       		.byte	0
 616 0042 00       		.byte	0
 617 0043 06       		.uleb128 0x6
 618 0044 2E       		.uleb128 0x2e
 619 0045 01       		.byte	0x1
 620 0046 3F       		.uleb128 0x3f
 621 0047 19       		.uleb128 0x19
 622 0048 03       		.uleb128 0x3
 623 0049 0E       		.uleb128 0xe
 624 004a 3A       		.uleb128 0x3a
 625 004b 0B       		.uleb128 0xb
 626 004c 3B       		.uleb128 0x3b
 627 004d 0B       		.uleb128 0xb
 628 004e 27       		.uleb128 0x27
 629 004f 19       		.uleb128 0x19
 630 0050 11       		.uleb128 0x11
 631 0051 01       		.uleb128 0x1
 632 0052 12       		.uleb128 0x12
ARM GAS  C:\Users\CHANTI~1\AppData\Local\Temp\ccoLYTYK.s 			page 13


 633 0053 06       		.uleb128 0x6
 634 0054 40       		.uleb128 0x40
 635 0055 18       		.uleb128 0x18
 636 0056 9742     		.uleb128 0x2117
 637 0058 19       		.uleb128 0x19
 638 0059 01       		.uleb128 0x1
 639 005a 13       		.uleb128 0x13
 640 005b 00       		.byte	0
 641 005c 00       		.byte	0
 642 005d 07       		.uleb128 0x7
 643 005e 0B       		.uleb128 0xb
 644 005f 01       		.byte	0x1
 645 0060 11       		.uleb128 0x11
 646 0061 01       		.uleb128 0x1
 647 0062 12       		.uleb128 0x12
 648 0063 06       		.uleb128 0x6
 649 0064 01       		.uleb128 0x1
 650 0065 13       		.uleb128 0x13
 651 0066 00       		.byte	0
 652 0067 00       		.byte	0
 653 0068 08       		.uleb128 0x8
 654 0069 34       		.uleb128 0x34
 655 006a 00       		.byte	0
 656 006b 03       		.uleb128 0x3
 657 006c 08       		.uleb128 0x8
 658 006d 3A       		.uleb128 0x3a
 659 006e 0B       		.uleb128 0xb
 660 006f 3B       		.uleb128 0x3b
 661 0070 0B       		.uleb128 0xb
 662 0071 49       		.uleb128 0x49
 663 0072 13       		.uleb128 0x13
 664 0073 02       		.uleb128 0x2
 665 0074 17       		.uleb128 0x17
 666 0075 00       		.byte	0
 667 0076 00       		.byte	0
 668 0077 09       		.uleb128 0x9
 669 0078 898201   		.uleb128 0x4109
 670 007b 01       		.byte	0x1
 671 007c 11       		.uleb128 0x11
 672 007d 01       		.uleb128 0x1
 673 007e 31       		.uleb128 0x31
 674 007f 13       		.uleb128 0x13
 675 0080 00       		.byte	0
 676 0081 00       		.byte	0
 677 0082 0A       		.uleb128 0xa
 678 0083 8A8201   		.uleb128 0x410a
 679 0086 00       		.byte	0
 680 0087 02       		.uleb128 0x2
 681 0088 18       		.uleb128 0x18
 682 0089 9142     		.uleb128 0x2111
 683 008b 18       		.uleb128 0x18
 684 008c 00       		.byte	0
 685 008d 00       		.byte	0
 686 008e 0B       		.uleb128 0xb
 687 008f 898201   		.uleb128 0x4109
 688 0092 00       		.byte	0
 689 0093 11       		.uleb128 0x11
ARM GAS  C:\Users\CHANTI~1\AppData\Local\Temp\ccoLYTYK.s 			page 14


 690 0094 01       		.uleb128 0x1
 691 0095 31       		.uleb128 0x31
 692 0096 13       		.uleb128 0x13
 693 0097 00       		.byte	0
 694 0098 00       		.byte	0
 695 0099 0C       		.uleb128 0xc
 696 009a 2E       		.uleb128 0x2e
 697 009b 01       		.byte	0x1
 698 009c 3F       		.uleb128 0x3f
 699 009d 19       		.uleb128 0x19
 700 009e 03       		.uleb128 0x3
 701 009f 0E       		.uleb128 0xe
 702 00a0 3A       		.uleb128 0x3a
 703 00a1 0B       		.uleb128 0xb
 704 00a2 3B       		.uleb128 0x3b
 705 00a3 0B       		.uleb128 0xb
 706 00a4 27       		.uleb128 0x27
 707 00a5 19       		.uleb128 0x19
 708 00a6 49       		.uleb128 0x49
 709 00a7 13       		.uleb128 0x13
 710 00a8 8701     		.uleb128 0x87
 711 00aa 19       		.uleb128 0x19
 712 00ab 11       		.uleb128 0x11
 713 00ac 01       		.uleb128 0x1
 714 00ad 12       		.uleb128 0x12
 715 00ae 06       		.uleb128 0x6
 716 00af 40       		.uleb128 0x40
 717 00b0 18       		.uleb128 0x18
 718 00b1 9742     		.uleb128 0x2117
 719 00b3 19       		.uleb128 0x19
 720 00b4 01       		.uleb128 0x1
 721 00b5 13       		.uleb128 0x13
 722 00b6 00       		.byte	0
 723 00b7 00       		.byte	0
 724 00b8 0D       		.uleb128 0xd
 725 00b9 898201   		.uleb128 0x4109
 726 00bc 01       		.byte	0x1
 727 00bd 11       		.uleb128 0x11
 728 00be 01       		.uleb128 0x1
 729 00bf 31       		.uleb128 0x31
 730 00c0 13       		.uleb128 0x13
 731 00c1 01       		.uleb128 0x1
 732 00c2 13       		.uleb128 0x13
 733 00c3 00       		.byte	0
 734 00c4 00       		.byte	0
 735 00c5 0E       		.uleb128 0xe
 736 00c6 01       		.uleb128 0x1
 737 00c7 01       		.byte	0x1
 738 00c8 49       		.uleb128 0x49
 739 00c9 13       		.uleb128 0x13
 740 00ca 01       		.uleb128 0x1
 741 00cb 13       		.uleb128 0x13
 742 00cc 00       		.byte	0
 743 00cd 00       		.byte	0
 744 00ce 0F       		.uleb128 0xf
 745 00cf 21       		.uleb128 0x21
 746 00d0 00       		.byte	0
ARM GAS  C:\Users\CHANTI~1\AppData\Local\Temp\ccoLYTYK.s 			page 15


 747 00d1 49       		.uleb128 0x49
 748 00d2 13       		.uleb128 0x13
 749 00d3 2F       		.uleb128 0x2f
 750 00d4 0B       		.uleb128 0xb
 751 00d5 00       		.byte	0
 752 00d6 00       		.byte	0
 753 00d7 10       		.uleb128 0x10
 754 00d8 34       		.uleb128 0x34
 755 00d9 00       		.byte	0
 756 00da 03       		.uleb128 0x3
 757 00db 0E       		.uleb128 0xe
 758 00dc 3A       		.uleb128 0x3a
 759 00dd 0B       		.uleb128 0xb
 760 00de 3B       		.uleb128 0x3b
 761 00df 0B       		.uleb128 0xb
 762 00e0 49       		.uleb128 0x49
 763 00e1 13       		.uleb128 0x13
 764 00e2 00       		.byte	0
 765 00e3 00       		.byte	0
 766 00e4 11       		.uleb128 0x11
 767 00e5 34       		.uleb128 0x34
 768 00e6 00       		.byte	0
 769 00e7 03       		.uleb128 0x3
 770 00e8 0E       		.uleb128 0xe
 771 00e9 3A       		.uleb128 0x3a
 772 00ea 0B       		.uleb128 0xb
 773 00eb 3B       		.uleb128 0x3b
 774 00ec 0B       		.uleb128 0xb
 775 00ed 49       		.uleb128 0x49
 776 00ee 13       		.uleb128 0x13
 777 00ef 02       		.uleb128 0x2
 778 00f0 18       		.uleb128 0x18
 779 00f1 00       		.byte	0
 780 00f2 00       		.byte	0
 781 00f3 12       		.uleb128 0x12
 782 00f4 34       		.uleb128 0x34
 783 00f5 00       		.byte	0
 784 00f6 03       		.uleb128 0x3
 785 00f7 0E       		.uleb128 0xe
 786 00f8 3A       		.uleb128 0x3a
 787 00f9 0B       		.uleb128 0xb
 788 00fa 3B       		.uleb128 0x3b
 789 00fb 05       		.uleb128 0x5
 790 00fc 49       		.uleb128 0x49
 791 00fd 13       		.uleb128 0x13
 792 00fe 3F       		.uleb128 0x3f
 793 00ff 19       		.uleb128 0x19
 794 0100 3C       		.uleb128 0x3c
 795 0101 19       		.uleb128 0x19
 796 0102 00       		.byte	0
 797 0103 00       		.byte	0
 798 0104 13       		.uleb128 0x13
 799 0105 35       		.uleb128 0x35
 800 0106 00       		.byte	0
 801 0107 49       		.uleb128 0x49
 802 0108 13       		.uleb128 0x13
 803 0109 00       		.byte	0
ARM GAS  C:\Users\CHANTI~1\AppData\Local\Temp\ccoLYTYK.s 			page 16


 804 010a 00       		.byte	0
 805 010b 14       		.uleb128 0x14
 806 010c 2E       		.uleb128 0x2e
 807 010d 00       		.byte	0
 808 010e 3F       		.uleb128 0x3f
 809 010f 19       		.uleb128 0x19
 810 0110 3C       		.uleb128 0x3c
 811 0111 19       		.uleb128 0x19
 812 0112 6E       		.uleb128 0x6e
 813 0113 0E       		.uleb128 0xe
 814 0114 03       		.uleb128 0x3
 815 0115 0E       		.uleb128 0xe
 816 0116 3A       		.uleb128 0x3a
 817 0117 0B       		.uleb128 0xb
 818 0118 3B       		.uleb128 0x3b
 819 0119 05       		.uleb128 0x5
 820 011a 00       		.byte	0
 821 011b 00       		.byte	0
 822 011c 15       		.uleb128 0x15
 823 011d 2E       		.uleb128 0x2e
 824 011e 00       		.byte	0
 825 011f 3F       		.uleb128 0x3f
 826 0120 19       		.uleb128 0x19
 827 0121 3C       		.uleb128 0x3c
 828 0122 19       		.uleb128 0x19
 829 0123 6E       		.uleb128 0x6e
 830 0124 0E       		.uleb128 0xe
 831 0125 03       		.uleb128 0x3
 832 0126 0E       		.uleb128 0xe
 833 0127 3A       		.uleb128 0x3a
 834 0128 0B       		.uleb128 0xb
 835 0129 3B       		.uleb128 0x3b
 836 012a 0B       		.uleb128 0xb
 837 012b 00       		.byte	0
 838 012c 00       		.byte	0
 839 012d 00       		.byte	0
 840              		.section	.debug_loc,"",%progbits
 841              	.Ldebug_loc0:
 842              	.LLST0:
 843 0000 02000000 		.4byte	.LVL0
 844 0004 06000000 		.4byte	.LVL1
 845 0008 0200     		.2byte	0x2
 846 000a 30       		.byte	0x30
 847 000b 9F       		.byte	0x9f
 848 000c 06000000 		.4byte	.LVL1
 849 0010 08000000 		.4byte	.LVL2
 850 0014 0100     		.2byte	0x1
 851 0016 53       		.byte	0x53
 852 0017 0A000000 		.4byte	.LVL3
 853 001b 10000000 		.4byte	.LVL4
 854 001f 0100     		.2byte	0x1
 855 0021 53       		.byte	0x53
 856 0022 00000000 		.4byte	0
 857 0026 00000000 		.4byte	0
 858              	.LLST1:
 859 002a 12000000 		.4byte	.LVL5
 860 002e 14000000 		.4byte	.LVL6
ARM GAS  C:\Users\CHANTI~1\AppData\Local\Temp\ccoLYTYK.s 			page 17


 861 0032 0100     		.2byte	0x1
 862 0034 53       		.byte	0x53
 863 0035 16000000 		.4byte	.LVL7
 864 0039 1C000000 		.4byte	.LVL8
 865 003d 0100     		.2byte	0x1
 866 003f 53       		.byte	0x53
 867 0040 00000000 		.4byte	0
 868 0044 00000000 		.4byte	0
 869              	.LLST2:
 870 0048 1E000000 		.4byte	.LVL9
 871 004c 26000000 		.4byte	.LVL10
 872 0050 0100     		.2byte	0x1
 873 0052 53       		.byte	0x53
 874 0053 28000000 		.4byte	.LVL11
 875 0057 33000000 		.4byte	.LVL12-1
 876 005b 0100     		.2byte	0x1
 877 005d 53       		.byte	0x53
 878 005e 00000000 		.4byte	0
 879 0062 00000000 		.4byte	0
 880              		.section	.debug_aranges,"",%progbits
 881 0000 2C000000 		.4byte	0x2c
 882 0004 0200     		.2byte	0x2
 883 0006 00000000 		.4byte	.Ldebug_info0
 884 000a 04       		.byte	0x4
 885 000b 00       		.byte	0
 886 000c 0000     		.2byte	0
 887 000e 0000     		.2byte	0
 888 0010 00000000 		.4byte	.LFB63
 889 0014 3C000000 		.4byte	.LFE63-.LFB63
 890 0018 00000000 		.4byte	.LFB64
 891 001c 0C000000 		.4byte	.LFE64-.LFB64
 892 0020 00000000 		.4byte	.LFB65
 893 0024 4C000000 		.4byte	.LFE65-.LFB65
 894 0028 00000000 		.4byte	0
 895 002c 00000000 		.4byte	0
 896              		.section	.debug_ranges,"",%progbits
 897              	.Ldebug_ranges0:
 898 0000 00000000 		.4byte	.LFB63
 899 0004 3C000000 		.4byte	.LFE63
 900 0008 00000000 		.4byte	.LFB64
 901 000c 0C000000 		.4byte	.LFE64
 902 0010 00000000 		.4byte	.LFB65
 903 0014 4C000000 		.4byte	.LFE65
 904 0018 00000000 		.4byte	0
 905 001c 00000000 		.4byte	0
 906              		.section	.debug_line,"",%progbits
 907              	.Ldebug_line0:
 908 0000 F8010000 		.section	.debug_str,"MS",%progbits,1
 908      02008A01 
 908      00000201 
 908      FB0E0D00 
 908      01010101 
 909              	.LASF29:
 910 0000 5553425F 		.ascii	"USB_LoadInEP\000"
 910      4C6F6164 
 910      496E4550 
 910      00
ARM GAS  C:\Users\CHANTI~1\AppData\Local\Temp\ccoLYTYK.s 			page 18


 911              	.LASF9:
 912 000d 5F5F696E 		.ascii	"__int32_t\000"
 912      7433325F 
 912      7400
 913              	.LASF25:
 914 0017 6C65645F 		.ascii	"led_Write\000"
 914      57726974 
 914      6500
 915              	.LASF12:
 916 0021 666C6F61 		.ascii	"float\000"
 916      7400
 917              	.LASF1:
 918 0027 756E7369 		.ascii	"unsigned char\000"
 918      676E6564 
 918      20636861 
 918      7200
 919              	.LASF30:
 920 0035 474E5520 		.ascii	"GNU C11 5.4.1 20160609 (release) [ARM/embedded-5-br"
 920      43313120 
 920      352E342E 
 920      31203230 
 920      31363036 
 921 0068 616E6368 		.ascii	"anch revision 237715] -mcpu=cortex-m3 -mthumb -g -O"
 921      20726576 
 921      6973696F 
 921      6E203233 
 921      37373135 
 922 009b 67202D66 		.ascii	"g -ffunction-sections -ffat-lto-objects\000"
 922      66756E63 
 922      74696F6E 
 922      2D736563 
 922      74696F6E 
 923              	.LASF28:
 924 00c3 5553425F 		.ascii	"USB_GetEPState\000"
 924      47657445 
 924      50537461 
 924      746500
 925              	.LASF5:
 926 00d2 6C6F6E67 		.ascii	"long unsigned int\000"
 926      20756E73 
 926      69676E65 
 926      6420696E 
 926      7400
 927              	.LASF3:
 928 00e4 73686F72 		.ascii	"short unsigned int\000"
 928      7420756E 
 928      7369676E 
 928      65642069 
 928      6E7400
 929              	.LASF23:
 930 00f7 53746174 		.ascii	"Status_1_8_Read\000"
 930      75735F31 
 930      5F385F52 
 930      65616400 
 931              	.LASF34:
 932 0107 49544D5F 		.ascii	"ITM_RxBuffer\000"
 932      52784275 
ARM GAS  C:\Users\CHANTI~1\AppData\Local\Temp\ccoLYTYK.s 			page 19


 932      66666572 
 932      00
 933              	.LASF13:
 934 0114 646F7562 		.ascii	"double\000"
 934      6C6500
 935              	.LASF33:
 936 011b 6D61696E 		.ascii	"main\000"
 936      00
 937              	.LASF27:
 938 0120 5553425F 		.ascii	"USB_GetEPAckState\000"
 938      47657445 
 938      5041636B 
 938      53746174 
 938      6500
 939              	.LASF8:
 940 0132 756E7369 		.ascii	"unsigned int\000"
 940      676E6564 
 940      20696E74 
 940      00
 941              	.LASF20:
 942 013f 5553425F 		.ascii	"USB_INPUT\000"
 942      494E5055 
 942      5400
 943              	.LASF21:
 944 0149 5553425F 		.ascii	"USB_OUTPUT\000"
 944      4F555450 
 944      555400
 945              	.LASF7:
 946 0154 6C6F6E67 		.ascii	"long long unsigned int\000"
 946      206C6F6E 
 946      6720756E 
 946      7369676E 
 946      65642069 
 947              	.LASF24:
 948 016b 53746174 		.ascii	"Status_9_11_Read\000"
 948      75735F39 
 948      5F31315F 
 948      52656164 
 948      00
 949              	.LASF10:
 950 017c 696E7433 		.ascii	"int32_t\000"
 950      325F7400 
 951              	.LASF16:
 952 0184 73697A65 		.ascii	"sizetype\000"
 952      74797065 
 952      00
 953              	.LASF17:
 954 018d 73746172 		.ascii	"startup\000"
 954      74757000 
 955              	.LASF6:
 956 0195 6C6F6E67 		.ascii	"long long int\000"
 956      206C6F6E 
 956      6720696E 
 956      7400
 957              	.LASF31:
 958 01a3 6D61696E 		.ascii	"main.c\000"
 958      2E6300
ARM GAS  C:\Users\CHANTI~1\AppData\Local\Temp\ccoLYTYK.s 			page 20


 959              	.LASF14:
 960 01aa 63686172 		.ascii	"char\000"
 960      00
 961              	.LASF2:
 962 01af 73686F72 		.ascii	"short int\000"
 962      7420696E 
 962      7400
 963              	.LASF32:
 964 01b9 433A5C55 		.ascii	"C:\\Users\\Chantilly Robotics\\Desktop\\FRC 2019-20"
 964      73657273 
 964      5C436861 
 964      6E74696C 
 964      6C792052 
 965 01e8 32305C43 		.ascii	"20\\Custom Gunner Controls\\2020-Control-Scheme.cyd"
 965      7573746F 
 965      6D204775 
 965      6E6E6572 
 965      20436F6E 
 966 0219 736E00   		.ascii	"sn\000"
 967              	.LASF11:
 968 021c 75696E74 		.ascii	"uint8\000"
 968      3800
 969              	.LASF22:
 970 0222 5553425F 		.ascii	"USB_Start\000"
 970      53746172 
 970      7400
 971              	.LASF18:
 972 022c 72656164 		.ascii	"read_buttons\000"
 972      5F627574 
 972      746F6E73 
 972      00
 973              	.LASF4:
 974 0239 6C6F6E67 		.ascii	"long int\000"
 974      20696E74 
 974      00
 975              	.LASF19:
 976 0242 42555454 		.ascii	"BUTTON_INPUT\000"
 976      4F4E5F49 
 976      4E505554 
 976      00
 977              	.LASF15:
 978 024f 6C6F6E67 		.ascii	"long double\000"
 978      20646F75 
 978      626C6500 
 979              	.LASF0:
 980 025b 7369676E 		.ascii	"signed char\000"
 980      65642063 
 980      68617200 
 981              	.LASF26:
 982 0267 43794465 		.ascii	"CyDelay\000"
 982      6C617900 
 983              		.ident	"GCC: (GNU Tools for ARM Embedded Processors) 5.4.1 20160609 (release) [ARM/embedded-5-bran
